<?xml version="1.0" encoding="UTF-8"?>
<testng-results ignored="0" total="1" passed="1" failed="0" skipped="0">
  <reporter-output>
  </reporter-output>
  <suite started-at="2022-05-01T12:36:05 IST" name="Default suite" finished-at="2022-05-01T12:36:31 IST" duration-ms="26792">
    <groups>
    </groups>
    <test started-at="2022-05-01T12:36:05 IST" name="Default test" finished-at="2022-05-01T12:36:31 IST" duration-ms="26792">
      <class name="Testscripts.login_scripts">
        <test-method is-config="true" signature="Openapp()[pri:0, instance:Testscripts.login_scripts@4e7912d8]" started-at="2022-05-01T12:36:05 IST" name="Openapp" finished-at="2022-05-01T12:36:23 IST" duration-ms="18189" status="PASS">
          <reporter-output>
          </reporter-output>
        </test-method> <!-- Openapp -->
        <test-method signature="test()[pri:0, instance:Testscripts.login_scripts@4e7912d8]" started-at="2022-05-01T12:36:23 IST" name="test" finished-at="2022-05-01T12:36:31 IST" duration-ms="7687" status="PASS">
          <reporter-output>
          </reporter-output>
        </test-method> <!-- test -->
        <test-method is-config="true" signature="Closeapp()[pri:0, instance:Testscripts.login_scripts@4e7912d8]" started-at="2022-05-01T12:36:31 IST" name="Closeapp" finished-at="2022-05-01T12:36:31 IST" duration-ms="888" status="PASS">
          <reporter-output>
          </reporter-output>
        </test-method> <!-- Closeapp -->
      </class> <!-- Testscripts.login_scripts -->
    </test> <!-- Default test -->
  </suite> <!-- Default suite -->
</testng-results>
